<!DOCTYPE html PUBLIC "-//W3C//DTD XHTML 1.1//EN" "http://www.w3.org/TR/xhtml11/DTD/xhtml11.dtd">
<html xmlns="http://www.w3.org/1999/xhtml"><head><title>TestNG Report</title><style type="text/css">table {margin-bottom:10px;border-collapse:collapse;empty-cells:show}th,td {border:1px solid #009;padding:.25em .5em}th {vertical-align:bottom}td {vertical-align:top}table a {font-weight:bold}.stripe td {background-color: #E6EBF9}.num {text-align:right}.passedodd td {background-color: #3F3}.passedeven td {background-color: #0A0}.skippedodd td {background-color: #DDD}.skippedeven td {background-color: #CCC}.failedodd td,.attn {background-color: #F33}.failedeven td,.stripe .attn {background-color: #D00}.stacktrace {white-space:pre;font-family:monospace}.totop {font-size:85%;text-align:center;border-bottom:2px solid #000}</style></head><body><table><tr><th>Test</th><th># Passed</th><th># Skipped</th><th># Failed</th><th>Time (ms)</th><th>Included Groups</th><th>Excluded Groups</th></tr><tr><th colspan="7">SuiteName</th></tr><tr><td><a href="#t0">ScreenTest_Positive</a></td><td class="num">0</td><td class="num">0</td><td class="num attn">1</td><td class="num">37,998</td><td></td><td></td></tr><tr class="stripe"><td><a href="#t1">ScreenTest_Negative_Resize</a></td><td class="num">0</td><td class="num">0</td><td class="num attn">1</td><td class="num">133,206</td><td></td><td></td></tr><tr><td><a href="#t2">ScreenTest_Negative_LetterColoring</a></td><td class="num">0</td><td class="num">0</td><td class="num attn">1</td><td class="num">126,445</td><td></td><td></td></tr><tr class="stripe"><td><a href="#t3">ScreenTest_Negative_DeleteLabel</a></td><td class="num">0</td><td class="num">0</td><td class="num attn">1</td><td class="num">126,668</td><td></td><td></td></tr><tr><th>Total</th><th class="num">0</th><th class="num">0</th><th class="num attn">4</th><th class="num">424,317</th><th colspan="2"></th></tr></table><table><thead><tr><th>Class</th><th>Method</th><th>Start</th><th>Time (ms)</th></tr></thead><tbody><tr><th colspan="4">SuiteName</th></tr></tbody><tbody id="t0"><tr><th colspan="4">ScreenTest_Positive &#8212; failed</th></tr><tr class="failedeven"><td rowspan="1">com.tesco.pom.testcases.ScreenTest_Positive</td><td><a href="#m0">doLogin</a></td><td rowspan="1">1513586445318</td><td rowspan="1">2320</td></tr></tbody><tbody id="t1"><tr><th colspan="4">ScreenTest_Negative_Resize &#8212; failed</th></tr><tr class="failedeven"><td rowspan="1">com.tesco.pom.testcases.ScreenTest_Negative_Resize</td><td><a href="#m1">doLogin</a></td><td rowspan="1">1513586483359</td><td rowspan="1">132420</td></tr></tbody><tbody id="t2"><tr><th colspan="4">ScreenTest_Negative_LetterColoring &#8212; failed</th></tr><tr class="failedeven"><td rowspan="1">com.tesco.pom.testcases.ScreenTest_Negative_AcceptAndCloseDelete</td><td><a href="#m2">doLogin</a></td><td rowspan="1">1513586616579</td><td rowspan="1">125635</td></tr></tbody><tbody id="t3"><tr><th colspan="4">ScreenTest_Negative_DeleteLabel &#8212; failed</th></tr><tr class="failedeven"><td rowspan="1">com.tesco.pom.testcases.ScreenTest_Positive_Cookies</td><td><a href="#m3">doLogin</a></td><td rowspan="1">1513586743050</td><td rowspan="1">125915</td></tr></tbody></table><h2>ScreenTest_Positive</h2><h3 id="m0">com.tesco.pom.testcases.ScreenTest_Positive#doLogin</h3><table class="result"><tr class="param"><th>Parameter #1</th></tr><tr class="param stripe"><td>{ExpectedResult=Success, Runmode=Y, Browser=IE}</td></tr><tr><th>Exception</th></tr><tr><td><div class="stacktrace">org.openqa.selenium.WebDriverException: Failed to navigate to http://tesco.com. This usually means that a call to the COM method IWebBrowser2::Navigate2() failed. (WARNING: The server did not provide any stacktrace information)
Command duration or timeout: 15 milliseconds
Build info: version: &apos;2.52.0&apos;, revision: &apos;4c2593c&apos;, time: &apos;2016-02-11 19:06:42&apos;
System info: host: &apos;DESKTOP-63VVHER&apos;, ip: &apos;192.168.0.48&apos;, os.name: &apos;Windows 10&apos;, os.arch: &apos;amd64&apos;, os.version: &apos;10.0&apos;, java.version: &apos;1.8.0_121&apos;
Driver info: org.openqa.selenium.ie.InternetExplorerDriver
Capabilities [{se:ieOptions={browserAttachTimeout=0, ie.enableFullPageScreenshot=true, enablePersistentHover=false, ie.forceCreateProcessApi=false, ie.forceShellWindowsApi=false, ignoreZoomSetting=false, ie.fileUploadDialogTimeout=3000, ie.useLegacyFileUploadDialogHandling=false, nativeEvents=true, ie.ensureCleanSession=false, elementScrollBehavior=0, ie.browserCommandLineSwitches=, requireWindowFocus=true, initialBrowserUrl=http://localhost:17449/, ignoreProtectedModeSettings=true, enableElementCacheCleanup=true}, browserName=internet explorer, pageLoadStrategy=normal, javascriptEnabled=true, version=11, platform=WINDOWS, unexpectedAlertBehaviour=dismiss}]
Session ID: 6d39ade0-d2f3-492b-9555-61c09bff4651
	at org.openqa.selenium.remote.ErrorHandler.createThrowable(ErrorHandler.java:206)
	at org.openqa.selenium.remote.ErrorHandler.throwIfResponseFailed(ErrorHandler.java:158)
	at org.openqa.selenium.remote.RemoteWebDriver.execute(RemoteWebDriver.java:678)
	at org.openqa.selenium.remote.RemoteWebDriver.get(RemoteWebDriver.java:316)
	at com.tesco.pom.pages.TescoHomePage.goToHomePage(TescoHomePage.java:34)
	at com.tesco.pom.testcases.ScreenTest_Positive.doLogin(ScreenTest_Positive.java:43)
... Removed 27 stack frames</div></td></tr></table><p class="totop"><a href="#summary">back to summary</a></p><h2>ScreenTest_Negative_Resize</h2><h3 id="m1">com.tesco.pom.testcases.ScreenTest_Negative_Resize#doLogin</h3><table class="result"><tr class="param"><th>Parameter #1</th></tr><tr class="param stripe"><td>{ExpectedResult=Success, Runmode=Y, Browser=IE}</td></tr><tr><th>Exception</th></tr><tr><td><div class="stacktrace">java.lang.AssertionError: Tesco Groceries Items Resolution NOT appropriate
	at com.tesco.pom.testcases.base.BaseTest.reportFailure(BaseTest.java:150)
	at com.tesco.pom.testcases.ScreenTest_Negative_Resize.doLogin(ScreenTest_Negative_Resize.java:74)
... Removed 24 stack frames</div></td></tr></table><p class="totop"><a href="#summary">back to summary</a></p><h2>ScreenTest_Negative_LetterColoring</h2><h3 id="m2">com.tesco.pom.testcases.ScreenTest_Negative_AcceptAndCloseDelete#doLogin</h3><table class="result"><tr class="param"><th>Parameter #1</th></tr><tr class="param stripe"><td>{ExpectedResult=Success, Runmode=Y, Browser=IE}</td></tr><tr><th>Exception</th></tr><tr><td><div class="stacktrace">java.lang.AssertionError: Privacy policy and cookies Resolution NOT appropriate
	at com.tesco.pom.testcases.base.BaseTest.reportFailure(BaseTest.java:150)
	at com.tesco.pom.testcases.ScreenTest_Negative_AcceptAndCloseDelete.doLogin(ScreenTest_Negative_AcceptAndCloseDelete.java:72)
... Removed 24 stack frames</div></td></tr></table><p class="totop"><a href="#summary">back to summary</a></p><h2>ScreenTest_Negative_DeleteLabel</h2><h3 id="m3">com.tesco.pom.testcases.ScreenTest_Positive_Cookies#doLogin</h3><table class="result"><tr class="param"><th>Parameter #1</th></tr><tr class="param stripe"><td>{ExpectedResult=Success, Runmode=Y, Browser=IE}</td></tr><tr><th>Exception</th></tr><tr><td><div class="stacktrace">java.lang.AssertionError: Privacy policy and cookies Resolution NOT appropriate
	at com.tesco.pom.testcases.base.BaseTest.reportFailure(BaseTest.java:150)
	at com.tesco.pom.testcases.ScreenTest_Positive_Cookies.doLogin(ScreenTest_Positive_Cookies.java:71)
... Removed 24 stack frames</div></td></tr></table><p class="totop"><a href="#summary">back to summary</a></p></body></html>